TN:
SF:script/Counter.s.sol
FN:7,CounterScript.setUp
FNDA:0,CounterScript.setUp
FN:9,CounterScript.run
FNDA:0,CounterScript.run
DA:10,0
FNF:2
FNH:0
LF:1
LH:0
BRF:0
BRH:0
end_of_record
TN:
SF:src/ERC721Mock.sol
FN:9,ERC721Mock.mint
FNDA:3,ERC721Mock.mint
DA:10,3
FNF:1
FNH:1
LF:1
LH:1
BRF:0
BRH:0
end_of_record
TN:
SF:src/TokenizedVickeryAuction.sol
FN:162,TokenizedVickeryAuction.createAuction
FNDA:608,TokenizedVickeryAuction.createAuction
DA:171,608
FN:182,TokenizedVickeryAuction._createAuction
FNDA:913,TokenizedVickeryAuction._createAuction
DA:191,913
BRDA:191,0,0,3
BRDA:191,0,1,910
DA:192,3
DA:195,910
BRDA:195,1,0,3
BRDA:195,1,1,907
DA:196,3
DA:199,907
BRDA:199,2,0,3
BRDA:199,2,1,904
DA:200,3
DA:203,904
BRDA:203,3,0,6
BRDA:203,3,1,898
DA:204,6
DA:207,898
BRDA:207,4,0,3
BRDA:207,4,1,895
DA:208,3
DA:211,895
DA:213,895
BRDA:213,5,0,9
BRDA:213,5,1,886
DA:214,9
DA:220,886
DA:222,886
BRDA:222,6,0,3
BRDA:222,6,1,883
DA:223,3
DA:226,883
BRDA:226,7,0,3
BRDA:226,7,1,880
DA:227,3
DA:230,880
DA:232,880
DA:234,880
BRDA:234,8,0,3
BRDA:234,8,1,877
DA:236,3
DA:237,3
DA:238,3
DA:239,3
DA:240,3
DA:241,3
DA:242,3
DA:243,3
DA:244,3
DA:245,3
DA:248,877
DA:262,877
DA:265,880
FN:286,TokenizedVickeryAuction.commitBid
FNDA:852,TokenizedVickeryAuction.commitBid
DA:292,852
DA:294,852
BRDA:294,9,0,3
BRDA:294,9,1,849
DA:295,3
DA:298,849
BRDA:298,10,0,3
BRDA:298,10,1,846
DA:299,3
DA:302,846
BRDA:302,11,0,3
BRDA:302,11,1,843
DA:303,3
DA:306,843
BRDA:306,12,0,3
BRDA:306,12,1,840
DA:307,3
DA:310,840
BRDA:310,13,0,3
BRDA:310,13,1,837
DA:311,3
DA:314,837
DA:316,837
BRDA:316,14,0,3
BRDA:316,14,1,834
DA:317,3
DA:320,834
BRDA:320,15,0,768
BRDA:320,15,1,66
DA:321,768
DA:324,66
DA:326,66
DA:328,66
DA:330,66
DA:332,66
BRDA:332,16,0,3
BRDA:332,16,1,66
DA:333,3
DA:334,3
DA:337,66
DA:342,66
DA:344,66
FN:359,TokenizedVickeryAuction.revealBid
FNDA:66,TokenizedVickeryAuction.revealBid
DA:365,66
DA:367,66
BRDA:367,17,0,3
BRDA:367,17,1,63
DA:368,3
DA:371,63
BRDA:371,18,0,3
BRDA:371,18,1,60
DA:372,3
DA:375,60
BRDA:375,19,0,3
BRDA:375,19,1,57
DA:376,3
DA:379,57
DA:381,57
DA:385,57
BRDA:385,20,0,3
BRDA:385,20,1,54
DA:386,3
DA:389,54
BRDA:389,21,0,3
BRDA:389,21,1,51
DA:390,3
DA:393,51
DA:405,51
BRDA:405,22,0,6
BRDA:405,22,1,45
DA:406,6
DA:409,45
DA:411,45
BRDA:411,23,0,3
BRDA:411,23,1,12
DA:412,42
BRDA:412,24,0,30
BRDA:412,24,1,12
DA:413,30
DA:414,30
DA:415,30
DA:416,12
BRDA:416,25,0,3
BRDA:416,25,1,12
DA:417,3
DA:421,45
DA:423,45
DA:425,45
FN:441,TokenizedVickeryAuction.endAuction
FNDA:33,TokenizedVickeryAuction.endAuction
DA:442,33
DA:444,33
BRDA:444,26,0,3
BRDA:444,26,1,30
DA:445,3
DA:448,30
BRDA:448,27,0,3
BRDA:448,27,1,27
DA:449,3
DA:452,27
BRDA:452,28,0,3
BRDA:452,28,1,24
DA:453,3
DA:456,24
BRDA:456,29,0,3
BRDA:456,29,1,9
DA:457,12
BRDA:457,30,0,3
BRDA:457,30,1,9
DA:458,3
DA:463,9
DA:466,21
DA:467,21
DA:468,21
DA:469,21
DA:471,21
DA:473,21
DA:475,21
BRDA:475,31,0,-
BRDA:475,31,1,15
DA:476,15
DA:477,15
DA:483,15
DA:486,6
DA:490,6
DA:492,6
DA:494,6
BRDA:494,32,0,3
BRDA:494,32,1,6
DA:495,3
DA:498,6
DA:501,6
DA:504,6
DA:505,6
DA:507,6
BRDA:507,33,0,-
BRDA:507,33,1,3
DA:508,3
DA:511,6
FN:520,TokenizedVickeryAuction.withdrawCollateral
FNDA:21,TokenizedVickeryAuction.withdrawCollateral
DA:525,21
DA:527,21
BRDA:527,34,0,3
BRDA:527,34,1,18
DA:528,3
DA:531,18
DA:533,18
BRDA:533,35,0,3
BRDA:533,35,1,15
DA:534,3
DA:537,15
BRDA:537,36,0,3
BRDA:537,36,1,12
DA:538,3
DA:541,12
BRDA:541,37,0,3
BRDA:541,37,1,9
DA:542,3
DA:545,9
DA:547,9
DA:549,9
DA:551,9
FN:563,TokenizedVickeryAuction.getAuction
FNDA:93,TokenizedVickeryAuction.getAuction
DA:567,93
FNF:7
FNH:7
LF:136
LH:136
BRF:76
BRH:74
end_of_record
TN:
SF:src/TokenizedVickeryAuctionProxy.sol
FN:13,TokenizedVickeryAuctionProxy.implementation
FNDA:2,TokenizedVickeryAuctionProxy.implementation
DA:14,2
FN:17,TokenizedVickeryAuctionProxy.admin
FNDA:3,TokenizedVickeryAuctionProxy.admin
DA:18,3
FNF:2
FNH:2
LF:2
LH:2
BRF:0
BRH:0
end_of_record
TN:
SF:src/TokenizedVickeryAuctionV2.sol
FN:18,TokenizedVickeryAuctionV2.createAuction
FNDA:306,TokenizedVickeryAuctionV2.createAuction
DA:27,306
BRDA:27,0,0,1
BRDA:27,0,1,305
DA:28,1
DA:30,305
FN:48,TokenizedVickeryAuctionV2.blacklistSeller
FNDA:3,TokenizedVickeryAuctionV2.blacklistSeller
DA:49,3
FNF:2
FNH:2
LF:4
LH:4
BRF:2
BRH:2
end_of_record
