TN:
SF:src/ERC20/MTRToken.sol
FN:10,MTRToken.mint
FNDA:12,MTRToken.mint
DA:11,12
BRDA:11,0,0,6
BRDA:11,0,1,12
DA:12,6
DA:14,12
FN:17,MTRToken.decimals
FNDA:6,MTRToken.decimals
DA:18,0
FNF:2
FNH:2
LF:4
LH:3
BRF:2
BRH:2
end_of_record
TN:
SF:src/ERC20/RMTToken.sol
FN:10,RMTToken.mint
FNDA:0,RMTToken.mint
DA:11,0
BRDA:11,0,0,-
BRDA:11,0,1,-
DA:12,0
DA:14,0
FN:17,RMTToken.decimals
FNDA:0,RMTToken.decimals
DA:18,0
FNF:2
FNH:0
LF:4
LH:0
BRF:2
BRH:0
end_of_record
TN:
SF:src/ERC20/TRMToken.sol
FN:10,TRMToken.mint
FNDA:0,TRMToken.mint
DA:11,0
BRDA:11,0,0,-
BRDA:11,0,1,-
DA:12,0
DA:14,0
FN:17,TRMToken.decimals
FNDA:0,TRMToken.decimals
DA:18,0
FNF:2
FNH:0
LF:4
LH:0
BRF:2
BRH:0
end_of_record
TN:
SF:src/ERC721/NEUAuctionNFT.sol
FN:9,NEUAuctionNFT.mint
FNDA:0,NEUAuctionNFT.mint
DA:10,0
FNF:1
FNH:0
LF:1
LH:0
BRF:0
BRH:0
end_of_record
TN:
SF:src/ERC721/NeoNEUAuctionNFT.sol
FN:9,NeoNEUAuctionNFT.mint
FNDA:0,NeoNEUAuctionNFT.mint
DA:10,0
FNF:1
FNH:0
LF:1
LH:0
BRF:0
BRH:0
end_of_record
TN:
SF:src/ERC721Mock.sol
FN:9,ERC721Mock.mint
FNDA:7,ERC721Mock.mint
DA:10,7
FNF:1
FNH:1
LF:1
LH:1
BRF:0
BRH:0
end_of_record
TN:
SF:src/TokenizedVickeryAuction.sol
FN:159,TokenizedVickeryAuction.createAuction
FNDA:608,TokenizedVickeryAuction.createAuction
DA:168,608
FN:179,TokenizedVickeryAuction._createAuction
FNDA:1218,TokenizedVickeryAuction._createAuction
DA:188,1218
BRDA:188,0,0,4
BRDA:188,0,1,1214
DA:189,4
DA:192,1214
BRDA:192,1,0,4
BRDA:192,1,1,1210
DA:193,4
DA:196,1210
BRDA:196,2,0,4
BRDA:196,2,1,1206
DA:197,4
DA:200,1206
BRDA:200,3,0,8
BRDA:200,3,1,1198
DA:201,8
DA:204,1198
BRDA:204,4,0,4
BRDA:204,4,1,1194
DA:205,4
DA:208,1194
DA:210,1194
BRDA:210,5,0,12
BRDA:210,5,1,1182
DA:211,12
DA:217,1182
DA:219,1182
BRDA:219,6,0,4
BRDA:219,6,1,1178
DA:220,4
DA:223,1178
BRDA:223,7,0,4
BRDA:223,7,1,1174
DA:224,4
DA:227,1174
DA:229,1174
DA:231,1174
BRDA:231,8,0,4
BRDA:231,8,1,1170
DA:233,4
DA:234,4
DA:235,4
DA:236,4
DA:237,4
DA:238,4
DA:239,4
DA:240,4
DA:241,4
DA:242,4
DA:245,1170
DA:259,1170
DA:262,1174
FN:283,TokenizedVickeryAuction.commitBid
FNDA:1136,TokenizedVickeryAuction.commitBid
DA:289,1136
DA:291,1136
BRDA:291,9,0,4
BRDA:291,9,1,1132
DA:292,4
DA:295,1132
BRDA:295,10,0,4
BRDA:295,10,1,1128
DA:296,4
DA:299,1128
BRDA:299,11,0,4
BRDA:299,11,1,1124
DA:300,4
DA:303,1124
BRDA:303,12,0,4
BRDA:303,12,1,1120
DA:304,4
DA:307,1120
BRDA:307,13,0,4
BRDA:307,13,1,1116
DA:308,4
DA:311,1116
DA:313,1116
BRDA:313,14,0,4
BRDA:313,14,1,1112
DA:314,4
DA:317,1112
BRDA:317,15,0,1024
BRDA:317,15,1,88
DA:318,1024
DA:321,88
DA:323,88
DA:325,88
DA:327,88
DA:329,88
BRDA:329,16,0,4
BRDA:329,16,1,88
DA:330,4
DA:331,4
DA:334,88
DA:339,88
DA:341,88
FN:356,TokenizedVickeryAuction.revealBid
FNDA:88,TokenizedVickeryAuction.revealBid
DA:362,88
DA:364,88
BRDA:364,17,0,4
BRDA:364,17,1,84
DA:365,4
DA:368,84
BRDA:368,18,0,4
BRDA:368,18,1,80
DA:369,4
DA:372,80
BRDA:372,19,0,4
BRDA:372,19,1,76
DA:373,4
DA:376,76
DA:378,76
DA:382,76
BRDA:382,20,0,4
BRDA:382,20,1,72
DA:383,4
DA:386,72
BRDA:386,21,0,4
BRDA:386,21,1,68
DA:387,4
DA:390,68
DA:402,68
BRDA:402,22,0,8
BRDA:402,22,1,60
DA:403,8
DA:406,60
DA:408,60
BRDA:408,23,0,4
BRDA:408,23,1,16
DA:409,56
BRDA:409,24,0,40
BRDA:409,24,1,16
DA:410,40
DA:411,40
DA:412,40
DA:413,16
BRDA:413,25,0,4
BRDA:413,25,1,16
DA:414,4
DA:418,60
DA:420,60
DA:422,60
FN:438,TokenizedVickeryAuction.endAuction
FNDA:44,TokenizedVickeryAuction.endAuction
DA:439,44
DA:441,44
BRDA:441,26,0,4
BRDA:441,26,1,40
DA:442,4
DA:445,40
BRDA:445,27,0,4
BRDA:445,27,1,36
DA:446,4
DA:449,36
BRDA:449,28,0,4
BRDA:449,28,1,32
DA:450,4
DA:453,32
BRDA:453,29,0,4
BRDA:453,29,1,12
DA:454,16
BRDA:454,30,0,4
BRDA:454,30,1,12
DA:455,4
DA:460,12
DA:463,28
DA:464,28
DA:465,28
DA:466,28
DA:468,28
DA:470,28
DA:472,28
BRDA:472,31,0,-
BRDA:472,31,1,20
DA:473,20
DA:474,20
DA:480,20
DA:483,8
DA:487,8
DA:489,8
DA:491,8
BRDA:491,32,0,4
BRDA:491,32,1,8
DA:492,4
DA:495,8
DA:498,8
DA:501,8
DA:502,8
DA:504,8
BRDA:504,33,0,-
BRDA:504,33,1,4
DA:505,4
DA:508,8
FN:517,TokenizedVickeryAuction.withdrawCollateral
FNDA:28,TokenizedVickeryAuction.withdrawCollateral
DA:522,28
DA:524,28
BRDA:524,34,0,4
BRDA:524,34,1,24
DA:525,4
DA:528,24
DA:530,24
BRDA:530,35,0,4
BRDA:530,35,1,20
DA:531,4
DA:534,20
BRDA:534,36,0,4
BRDA:534,36,1,16
DA:535,4
DA:538,16
BRDA:538,37,0,4
BRDA:538,37,1,12
DA:539,4
DA:542,12
DA:544,12
DA:546,12
DA:548,12
FN:560,TokenizedVickeryAuction.getAuction
FNDA:124,TokenizedVickeryAuction.getAuction
DA:564,124
FNF:7
FNH:7
LF:136
LH:136
BRF:76
BRH:74
end_of_record
TN:
SF:src/TokenizedVickeryAuctionProxy.sol
FN:13,TokenizedVickeryAuctionProxy.implementation
FNDA:3,TokenizedVickeryAuctionProxy.implementation
DA:14,3
FN:17,TokenizedVickeryAuctionProxy.admin
FNDA:4,TokenizedVickeryAuctionProxy.admin
DA:18,4
FNF:2
FNH:2
LF:2
LH:2
BRF:0
BRH:0
end_of_record
TN:
SF:src/TokenizedVickeryAuctionV2.sol
FN:18,TokenizedVickeryAuctionV2.createAuction
FNDA:612,TokenizedVickeryAuctionV2.createAuction
DA:27,612
BRDA:27,0,0,2
BRDA:27,0,1,610
DA:28,2
DA:30,610
FN:48,TokenizedVickeryAuctionV2.blacklistSeller
FNDA:6,TokenizedVickeryAuctionV2.blacklistSeller
DA:49,6
FNF:2
FNH:2
LF:4
LH:4
BRF:2
BRH:2
end_of_record
TN:
SF:test/ERC20/MTRToken.t.sol
FN:11,MTRTokenTest.setUp
FNDA:0,MTRTokenTest.setUp
DA:12,0
DA:13,0
FNF:1
FNH:0
LF:2
LH:0
BRF:0
BRH:0
end_of_record
TN:
SF:test/ERC20/TRMToken.t.sol
FN:11,TRMTokenTest.setUp
FNDA:0,TRMTokenTest.setUp
DA:12,0
DA:13,0
FNF:1
FNH:0
LF:2
LH:0
BRF:0
BRH:0
end_of_record
